<?xml version="1.0" encoding="UTF-8"?>
<!-- Generated by org.testng.reporters.JUnitXMLReporter -->
<testsuite ignored="0" hostname="DESKTOP-5AST0QG" failures="6" tests="10" name="Command line test" time="205.165" errors="0" timestamp="2022-05-01T14:22:07 IST">
  <testcase classname="cucumber.options.TestRunner" name="runScenario" time="82.261">
    <failure type="io.restassured.path.json.exception.JsonPathException" message="Failed to parse the JSON document">
      <![CDATA[io.restassured.path.json.exception.JsonPathException: Failed to parse the JSON document
at io.restassured.path.json.JsonPath$ExceptionCatcher.invoke(JsonPath.java:1002)
at io.restassured.path.json.JsonPath$4.doParseWith(JsonPath.java:967)
at io.restassured.path.json.JsonPath$JsonParser.parseWith(JsonPath.java:1047)
at io.restassured.path.json.JsonPath.get(JsonPath.java:202)
at resource.Utils.getJsonPath(Utils.java:84)
at stepDefinations.SDplaceOrderofBroker1.take_balance_of_with_api_with_name(SDplaceOrderofBroker1.java:156)
at ✽.take balance of "INR" with api "Getbalance" with name "s3b1inr"(file:///C:/Users/Dell/eclipse_csk/CSXautomation2/src/test/java/demoFeature/demo.feature:28)
Caused by: groovy.json.JsonException: Lexing failed on line: 1, column: 1, while reading 'S', no possible valid JSON value or punctuation could be recognized.
at groovy.json.JsonLexer.nextToken(JsonLexer.java:86)
at groovy.json.JsonLexer$nextToken.call(Unknown Source)
at io.restassured.internal.path.json.ConfigurableJsonSlurper.parse(ConfigurableJsonSlurper.groovy:97)
at io.restassured.internal.path.json.ConfigurableJsonSlurper$parse.callCurrent(Unknown Source)
at io.restassured.internal.path.json.ConfigurableJsonSlurper.parseText(ConfigurableJsonSlurper.groovy:83)
at io.restassured.path.json.JsonPath$4$1.method(JsonPath.java:965)
at io.restassured.path.json.JsonPath$ExceptionCatcher.invoke(JsonPath.java:1000)
at io.restassured.path.json.JsonPath$4.doParseWith(JsonPath.java:967)
at io.restassured.path.json.JsonPath$JsonParser.parseWith(JsonPath.java:1047)
at io.restassured.path.json.JsonPath.get(JsonPath.java:202)
at resource.Utils.getJsonPath(Utils.java:84)
at stepDefinations.SDplaceOrderofBroker1.take_balance_of_with_api_with_name(SDplaceOrderofBroker1.java:156)
at io.cucumber.java.Invoker.doInvoke(Invoker.java:66)
at io.cucumber.java.Invoker.invoke(Invoker.java:24)
at io.cucumber.java.AbstractGlueDefinition.invokeMethod(AbstractGlueDefinition.java:47)
at io.cucumber.java.JavaStepDefinition.execute(JavaStepDefinition.java:29)
at io.cucumber.core.runner.CoreStepDefinition.execute(CoreStepDefinition.java:66)
at io.cucumber.core.runner.PickleStepDefinitionMatch.runStep(PickleStepDefinitionMatch.java:63)
at io.cucumber.core.runner.ExecutionMode$1.execute(ExecutionMode.java:10)
at io.cucumber.core.runner.TestStep.executeStep(TestStep.java:86)
at io.cucumber.core.runner.TestStep.run(TestStep.java:57)
at io.cucumber.core.runner.PickleStepTestStep.run(PickleStepTestStep.java:51)
at io.cucumber.core.runner.TestCase.run(TestCase.java:95)
at io.cucumber.core.runner.Runner.runPickle(Runner.java:75)
at io.cucumber.testng.TestNGCucumberRunner.lambda$runScenario$1(TestNGCucumberRunner.java:132)
at io.cucumber.core.runtime.CucumberExecutionContext.lambda$runTestCase$3(CucumberExecutionContext.java:151)
at io.cucumber.core.runtime.RethrowingThrowableCollector.executeAndThrow(RethrowingThrowableCollector.java:23)
at io.cucumber.core.runtime.CucumberExecutionContext.runTestCase(CucumberExecutionContext.java:151)
at io.cucumber.testng.TestNGCucumberRunner.runScenario(TestNGCucumberRunner.java:129)
at cucumber.options.TestRunner.runScenario(TestRunner.java:25)
at java.base/java.util.ArrayList.forEach(ArrayList.java:1511)
... Removed 40 stack frames]]>
    </failure>
  </testcase> <!-- runScenario -->
  <testcase classname="cucumber.options.TestRunner" name="runScenario" time="18.999">
    <failure type="java.lang.AssertionError" message="expected same:&amp;lt;14.910000085830688&amp;gt; was not:&amp;lt;3&amp;gt;">
      <![CDATA[java.lang.AssertionError: expected same:<14.910000085830688> was not:<3>
at org.junit.Assert.fail(Assert.java:89)
at org.junit.Assert.failNotSame(Assert.java:829)
at org.junit.Assert.assertSame(Assert.java:772)
at org.junit.Assert.assertSame(Assert.java:783)
at stepDefinations.SDplaceOrderofBroker1.calculate_fees_for_same_broker(SDplaceOrderofBroker1.java:178)
at ✽.Check fees "3" for same broker(file:///C:/Users/Dell/eclipse_csk/CSXautomation2/src/test/java/demoFeature/demo.feature:62)
]]>
    </failure>
  </testcase> <!-- runScenario -->
  <testcase classname="cucumber.options.TestRunner" name="runScenario" time="32.914">
    <failure type="io.cucumber.testng.UndefinedStepException" message="The step &amp;apos;Calculate fees &amp;quot;3.0111&amp;quot; for same broker&amp;apos; is undefined.
You can implement this step using the snippet(s) below:

@Then(&amp;quot;Calculate fees {string} for same broker&amp;quot;)
public void calculate_fees_for_same_broker(String string) {
    // Write code here that turns the phrase above into concrete actions
    throw new io.cucumber.java.PendingException();
}
">
      <![CDATA[io.cucumber.testng.UndefinedStepException: The step 'Calculate fees "3.0111" for same broker' is undefined.
You can implement this step using the snippet(s) below:

@Then("Calculate fees {string} for same broker")
public void calculate_fees_for_same_broker(String string) {
    // Write code here that turns the phrase above into concrete actions
    throw new io.cucumber.java.PendingException();
}

at io.cucumber.core.runtime.TestCaseResultObserver.assertTestCasePassed(TestCaseResultObserver.java:69)
at io.cucumber.testng.TestCaseResultObserver.assertTestCasePassed(TestCaseResultObserver.java:23)
at io.cucumber.testng.TestNGCucumberRunner.lambda$runScenario$1(TestNGCucumberRunner.java:133)
at io.cucumber.core.runtime.CucumberExecutionContext.lambda$runTestCase$3(CucumberExecutionContext.java:151)
at io.cucumber.core.runtime.RethrowingThrowableCollector.executeAndThrow(RethrowingThrowableCollector.java:23)
at io.cucumber.core.runtime.CucumberExecutionContext.runTestCase(CucumberExecutionContext.java:151)
at io.cucumber.testng.TestNGCucumberRunner.runScenario(TestNGCucumberRunner.java:129)
at cucumber.options.TestRunner.runScenario(TestRunner.java:25)
at java.base/java.util.ArrayList.forEach(ArrayList.java:1511)
... Removed 36 stack frames]]>
    </failure>
  </testcase> <!-- runScenario -->
  <testcase classname="cucumber.options.TestRunner" name="runScenario" time="33.621">
    <failure type="io.cucumber.testng.UndefinedStepException" message="The step &amp;apos;Calculate fees for diffrent broker&amp;apos; is undefined.
You can implement this step using the snippet(s) below:

@Then(&amp;quot;Calculate fees for diffrent broker&amp;quot;)
public void calculate_fees_for_diffrent_broker() {
    // Write code here that turns the phrase above into concrete actions
    throw new io.cucumber.java.PendingException();
}
">
      <![CDATA[io.cucumber.testng.UndefinedStepException: The step 'Calculate fees for diffrent broker' is undefined.
You can implement this step using the snippet(s) below:

@Then("Calculate fees for diffrent broker")
public void calculate_fees_for_diffrent_broker() {
    // Write code here that turns the phrase above into concrete actions
    throw new io.cucumber.java.PendingException();
}

at io.cucumber.core.runtime.TestCaseResultObserver.assertTestCasePassed(TestCaseResultObserver.java:69)
at io.cucumber.testng.TestCaseResultObserver.assertTestCasePassed(TestCaseResultObserver.java:23)
at io.cucumber.testng.TestNGCucumberRunner.lambda$runScenario$1(TestNGCucumberRunner.java:133)
at io.cucumber.core.runtime.CucumberExecutionContext.lambda$runTestCase$3(CucumberExecutionContext.java:151)
at io.cucumber.core.runtime.RethrowingThrowableCollector.executeAndThrow(RethrowingThrowableCollector.java:23)
at io.cucumber.core.runtime.CucumberExecutionContext.runTestCase(CucumberExecutionContext.java:151)
at io.cucumber.testng.TestNGCucumberRunner.runScenario(TestNGCucumberRunner.java:129)
at cucumber.options.TestRunner.runScenario(TestRunner.java:25)
at java.base/java.util.ArrayList.forEach(ArrayList.java:1511)
... Removed 36 stack frames]]>
    </failure>
  </testcase> <!-- runScenario -->
  <testcase classname="cucumber.options.TestRunner" name="runScenario" time="13.125"/>
  <testcase classname="cucumber.options.TestRunner" name="runScenario" time="5.086"/>
  <testcase classname="cucumber.options.TestRunner" name="runScenario" time="1.393">
    <failure type="org.junit.ComparisonFailure" message="expected:&amp;lt;[4]00&amp;gt; but was:&amp;lt;[2]00&amp;gt;">
      <![CDATA[org.junit.ComparisonFailure: expected:<[4]00> but was:<[2]00>
at org.junit.Assert.assertEquals(Assert.java:117)
at org.junit.Assert.assertEquals(Assert.java:146)
at stepDefinations.SDplaceOrderofBroker1.i_verify_the_in_step(SDplaceOrderofBroker1.java:97)
at ✽.I verify the  "200" in step(file:///C:/Users/Dell/eclipse_csk/CSXautomation2/src/test/java/demoFeature/example.feature:97)
]]>
    </failure>
  </testcase> <!-- runScenario -->
  <testcase classname="cucumber.options.TestRunner" name="runScenario" time="15.743">
    <failure type="org.junit.ComparisonFailure" message="expected:&amp;lt;[5]00&amp;gt; but was:&amp;lt;[2]00&amp;gt;">
      <![CDATA[org.junit.ComparisonFailure: expected:<[5]00> but was:<[2]00>
at org.junit.Assert.assertEquals(Assert.java:117)
at org.junit.Assert.assertEquals(Assert.java:146)
at stepDefinations.SDplaceOrderofBroker1.i_verify_the_in_step(SDplaceOrderofBroker1.java:97)
at ✽.I verify the  "200" in step(file:///C:/Users/Dell/eclipse_csk/CSXautomation2/src/test/java/demoFeature/example.feature:107)
]]>
    </failure>
  </testcase> <!-- runScenario -->
  <testcase classname="cucumber.options.TestRunner" name="runScenario" time="0.668"/>
  <testcase classname="cucumber.options.TestRunner" name="runScenario" time="0.516"/>
</testsuite> <!-- Command line test -->
